  CsvFile.cpp
  dump_proto.cpp
D:\GITHUB_test\DumpProto\dump_proto\dump_proto.cpp(292,32): warning C4244: “=”: 从“int”转换到“float”，可能丢失数据
D:\GITHUB_test\DumpProto\dump_proto\dump_proto.cpp(219,2): warning C4996: 'strncpy': This function or variable may be unsafe. Consider using strncpy_s instead. To disable deprecation, use _CRT_SECURE_NO_WARNINGS. See online help for details.
D:\GITHUB_test\DumpProto\dump_proto\dump_proto.cpp(225,3): warning C4996: 'strncpy': This function or variable may be unsafe. Consider using strncpy_s instead. To disable deprecation, use _CRT_SECURE_NO_WARNINGS. See online help for details.
D:\GITHUB_test\DumpProto\dump_proto\dump_proto.cpp(227,3): warning C4996: 'strncpy': This function or variable may be unsafe. Consider using strncpy_s instead. To disable deprecation, use _CRT_SECURE_NO_WARNINGS. See online help for details.
D:\GITHUB_test\DumpProto\dump_proto\dump_proto.cpp(257,2): warning C4996: 'strncpy': This function or variable may be unsafe. Consider using strncpy_s instead. To disable deprecation, use _CRT_SECURE_NO_WARNINGS. See online help for details.
D:\GITHUB_test\DumpProto\dump_proto\dump_proto.cpp(494,19): warning C4477: “fprintf”: 格式字符串“%s”需要类型“char *”的参数，但可变参数 6 拥有了类型“int”
D:\GITHUB_test\DumpProto\dump_proto\dump_proto.cpp(453,4): warning C4996: 'strncpy': This function or variable may be unsafe. Consider using strncpy_s instead. To disable deprecation, use _CRT_SECURE_NO_WARNINGS. See online help for details.
D:\GITHUB_test\DumpProto\dump_proto\dump_proto.cpp(454,4): warning C4996: 'strncpy': This function or variable may be unsafe. Consider using strncpy_s instead. To disable deprecation, use _CRT_SECURE_NO_WARNINGS. See online help for details.
D:\GITHUB_test\DumpProto\dump_proto\dump_proto.cpp(464,4): warning C4996: 'strncpy': This function or variable may be unsafe. Consider using strncpy_s instead. To disable deprecation, use _CRT_SECURE_NO_WARNINGS. See online help for details.
D:\GITHUB_test\DumpProto\dump_proto\dump_proto.cpp(564,7): warning C4996: 'fopen': This function or variable may be unsafe. Consider using fopen_s instead. To disable deprecation, use _CRT_SECURE_NO_WARNINGS. See online help for details.
D:\GITHUB_test\DumpProto\dump_proto\dump_proto.cpp(606,7): warning C4996: 'fopen': This function or variable may be unsafe. Consider using fopen_s instead. To disable deprecation, use _CRT_SECURE_NO_WARNINGS. See online help for details.
D:\GITHUB_test\DumpProto\dump_proto\dump_proto.cpp(683,2): warning C4996: 'strncpy': This function or variable may be unsafe. Consider using strncpy_s instead. To disable deprecation, use _CRT_SECURE_NO_WARNINGS. See online help for details.
D:\GITHUB_test\DumpProto\dump_proto\dump_proto.cpp(689,3): warning C4996: 'strncpy': This function or variable may be unsafe. Consider using strncpy_s instead. To disable deprecation, use _CRT_SECURE_NO_WARNINGS. See online help for details.
D:\GITHUB_test\DumpProto\dump_proto\dump_proto.cpp(691,3): warning C4996: 'strncpy': This function or variable may be unsafe. Consider using strncpy_s instead. To disable deprecation, use _CRT_SECURE_NO_WARNINGS. See online help for details.
D:\GITHUB_test\DumpProto\dump_proto\dump_proto.cpp(878,4): warning C4996: 'strncpy': This function or variable may be unsafe. Consider using strncpy_s instead. To disable deprecation, use _CRT_SECURE_NO_WARNINGS. See online help for details.
D:\GITHUB_test\DumpProto\dump_proto\dump_proto.cpp(879,4): warning C4996: 'strncpy': This function or variable may be unsafe. Consider using strncpy_s instead. To disable deprecation, use _CRT_SECURE_NO_WARNINGS. See online help for details.
D:\GITHUB_test\DumpProto\dump_proto\dump_proto.cpp(1001,7): warning C4996: 'fopen': This function or variable may be unsafe. Consider using fopen_s instead. To disable deprecation, use _CRT_SECURE_NO_WARNINGS. See online help for details.
D:\GITHUB_test\DumpProto\dump_proto\dump_proto.cpp(1046,7): warning C4996: 'fopen': This function or variable may be unsafe. Consider using fopen_s instead. To disable deprecation, use _CRT_SECURE_NO_WARNINGS. See online help for details.
  ItemCSVReader.cpp
D:\GITHUB_test\DumpProto\dump_proto\ItemCSVReader.cpp(258,25): warning C4244: “=”: 从“float”转换到“int”，可能丢失数据
D:\GITHUB_test\DumpProto\dump_proto\ItemCSVReader.cpp(287,25): warning C4244: “=”: 从“float”转换到“int”，可能丢失数据
D:\GITHUB_test\DumpProto\dump_proto\ItemCSVReader.cpp(322,25): warning C4244: “=”: 从“float”转换到“int”，可能丢失数据
D:\GITHUB_test\DumpProto\dump_proto\ItemCSVReader.cpp(348,25): warning C4244: “=”: 从“float”转换到“int”，可能丢失数据
D:\GITHUB_test\DumpProto\dump_proto\ItemCSVReader.cpp(529,25): warning C4244: “=”: 从“float”转换到“int”，可能丢失数据
D:\GITHUB_test\DumpProto\dump_proto\ItemCSVReader.cpp(554,25): warning C4244: “=”: 从“float”转换到“int”，可能丢失数据
D:\GITHUB_test\DumpProto\dump_proto\ItemCSVReader.cpp(578,25): warning C4244: “=”: 从“float”转换到“int”，可能丢失数据
  lzo.cpp
  tea.cpp
LINK : warning LNK4098: 默认库“LIBCMT”与其他库的使用冲突；请使用 /NODEFAULTLIB:library
  正在生成代码
  Previous IPDB was built with incompatible compiler, fall back to full compilation.
  All 972 functions were compiled because no usable IPDB/IOBJ from previous compilation was found.
  已完成代码的生成
  dump_proto.vcxproj -> D:\GITHUB_test\DumpProto\Release\dump_proto.exe
